{"C:\\auth-api\\src\\Applications\\security\\AuthenticationTokenManager.js": {"path":"C:\\auth-api\\src\\Applications\\security\\AuthenticationTokenManager.js","statementMap":{"0":{"start":{"line":3,"column":4},"end":{"line":3,"column":75}},"1":{"start":{"line":7,"column":4},"end":{"line":7,"column":75}},"2":{"start":{"line":11,"column":4},"end":{"line":11,"column":75}},"3":{"start":{"line":15,"column":4},"end":{"line":15,"column":75}},"4":{"start":{"line":19,"column":0},"end":{"line":19,"column":44}}},"fnMap":{"0":{"name":"(anonymous_0)","decl":{"start":{"line":2,"column":4},"end":{"line":2,"column":5}},"loc":{"start":{"line":2,"column":38},"end":{"line":4,"column":5}},"line":2},"1":{"name":"(anonymous_1)","decl":{"start":{"line":6,"column":4},"end":{"line":6,"column":5}},"loc":{"start":{"line":6,"column":37},"end":{"line":8,"column":5}},"line":6},"2":{"name":"(anonymous_2)","decl":{"start":{"line":10,"column":4},"end":{"line":10,"column":5}},"loc":{"start":{"line":10,"column":36},"end":{"line":12,"column":5}},"line":10},"3":{"name":"(anonymous_3)","decl":{"start":{"line":14,"column":4},"end":{"line":14,"column":5}},"loc":{"start":{"line":14,"column":26},"end":{"line":16,"column":5}},"line":14}},"branchMap":{},"s":{"0":1,"1":1,"2":1,"3":1,"4":5},"f":{"0":1,"1":1,"2":1,"3":1},"b":{},"_coverageSchema":"1a1c01bbd47fc00a2c39e90264f33305004495a9","hash":"49711ba845c893f704aa10d0c7d8096f0b1a9064"}
,"C:\\auth-api\\src\\Applications\\security\\PasswordHash.js": {"path":"C:\\auth-api\\src\\Applications\\security\\PasswordHash.js","statementMap":{"0":{"start":{"line":3,"column":6},"end":{"line":3,"column":62}},"1":{"start":{"line":7,"column":6},"end":{"line":7,"column":62}},"2":{"start":{"line":11,"column":0},"end":{"line":11,"column":30}}},"fnMap":{"0":{"name":"(anonymous_0)","decl":{"start":{"line":2,"column":4},"end":{"line":2,"column":5}},"loc":{"start":{"line":2,"column":25},"end":{"line":4,"column":5}},"line":2},"1":{"name":"(anonymous_1)","decl":{"start":{"line":6,"column":4},"end":{"line":6,"column":5}},"loc":{"start":{"line":6,"column":36},"end":{"line":8,"column":5}},"line":6}},"branchMap":{},"s":{"0":1,"1":1,"2":5},"f":{"0":1,"1":1},"b":{},"_coverageSchema":"1a1c01bbd47fc00a2c39e90264f33305004495a9","hash":"705bd220321fc6c72909818e8ad537af6b93adb8"}
,"C:\\auth-api\\src\\Applications\\use_case\\AddUserUseCase.js": {"path":"C:\\auth-api\\src\\Applications\\use_case\\AddUserUseCase.js","statementMap":{"0":{"start":{"line":1,"column":21},"end":{"line":1,"column":73}},"1":{"start":{"line":5,"column":4},"end":{"line":5,"column":42}},"2":{"start":{"line":6,"column":4},"end":{"line":6,"column":38}},"3":{"start":{"line":10,"column":25},"end":{"line":10,"column":57}},"4":{"start":{"line":11,"column":4},"end":{"line":11,"column":78}},"5":{"start":{"line":12,"column":4},"end":{"line":12,"column":81}},"6":{"start":{"line":13,"column":4},"end":{"line":13,"column":54}},"7":{"start":{"line":17,"column":0},"end":{"line":17,"column":32}}},"fnMap":{"0":{"name":"(anonymous_0)","decl":{"start":{"line":4,"column":2},"end":{"line":4,"column":3}},"loc":{"start":{"line":4,"column":48},"end":{"line":7,"column":3}},"line":4},"1":{"name":"(anonymous_1)","decl":{"start":{"line":9,"column":2},"end":{"line":9,"column":3}},"loc":{"start":{"line":9,"column":32},"end":{"line":14,"column":3}},"line":9}},"branchMap":{},"s":{"0":2,"1":2,"2":2,"3":10,"4":6,"5":5,"6":5,"7":2},"f":{"0":2,"1":10},"b":{},"_coverageSchema":"1a1c01bbd47fc00a2c39e90264f33305004495a9","hash":"89e8ea4f13d5ba60d434bfd700e33974f0525da3"}
,"C:\\auth-api\\src\\Applications\\use_case\\LoginUserUseCase.js": {"path":"C:\\auth-api\\src\\Applications\\use_case\\LoginUserUseCase.js","statementMap":{"0":{"start":{"line":1,"column":18},"end":{"line":1,"column":67}},"1":{"start":{"line":2,"column":26},"end":{"line":2,"column":83}},"2":{"start":{"line":11,"column":4},"end":{"line":11,"column":42}},"3":{"start":{"line":12,"column":4},"end":{"line":12,"column":62}},"4":{"start":{"line":13,"column":4},"end":{"line":13,"column":66}},"5":{"start":{"line":14,"column":4},"end":{"line":14,"column":38}},"6":{"start":{"line":18,"column":35},"end":{"line":18,"column":64}},"7":{"start":{"line":20,"column":30},"end":{"line":20,"column":88}},"8":{"start":{"line":22,"column":4},"end":{"line":22,"column":66}},"9":{"start":{"line":24,"column":24},"end":{"line":24,"column":94}},"10":{"start":{"line":25,"column":25},"end":{"line":25,"column":96}},"11":{"start":{"line":27,"column":30},"end":{"line":30,"column":6}},"12":{"start":{"line":32,"column":4},"end":{"line":32,"column":82}},"13":{"start":{"line":34,"column":4},"end":{"line":34,"column":29}},"14":{"start":{"line":38,"column":0},"end":{"line":38,"column":34}}},"fnMap":{"0":{"name":"(anonymous_0)","decl":{"start":{"line":5,"column":2},"end":{"line":5,"column":3}},"loc":{"start":{"line":10,"column":5},"end":{"line":15,"column":3}},"line":10},"1":{"name":"(anonymous_1)","decl":{"start":{"line":17,"column":2},"end":{"line":17,"column":3}},"loc":{"start":{"line":17,"column":32},"end":{"line":35,"column":3}},"line":17}},"branchMap":{},"s":{"0":2,"1":2,"2":2,"3":2,"4":2,"5":2,"6":7,"7":5,"8":4,"9":3,"10":3,"11":3,"12":3,"13":3,"14":2},"f":{"0":2,"1":7},"b":{},"_coverageSchema":"1a1c01bbd47fc00a2c39e90264f33305004495a9","hash":"03c643eaa2a6529068989a45ef2212dba242cd0d"}
,"C:\\auth-api\\src\\Applications\\use_case\\LogoutUserUseCase.js": {"path":"C:\\auth-api\\src\\Applications\\use_case\\LogoutUserUseCase.js","statementMap":{"0":{"start":{"line":5,"column":8},"end":{"line":5,"column":66}},"1":{"start":{"line":9,"column":8},"end":{"line":9,"column":46}},"2":{"start":{"line":10,"column":33},"end":{"line":10,"column":47}},"3":{"start":{"line":11,"column":8},"end":{"line":11,"column":82}},"4":{"start":{"line":12,"column":8},"end":{"line":12,"column":71}},"5":{"start":{"line":16,"column":33},"end":{"line":16,"column":40}},"6":{"start":{"line":17,"column":8},"end":{"line":19,"column":9}},"7":{"start":{"line":18,"column":12},"end":{"line":18,"column":88}},"8":{"start":{"line":21,"column":8},"end":{"line":23,"column":9}},"9":{"start":{"line":22,"column":12},"end":{"line":22,"column":103}},"10":{"start":{"line":27,"column":0},"end":{"line":27,"column":35}}},"fnMap":{"0":{"name":"(anonymous_0)","decl":{"start":{"line":2,"column":4},"end":{"line":2,"column":5}},"loc":{"start":{"line":4,"column":7},"end":{"line":6,"column":5}},"line":4},"1":{"name":"(anonymous_1)","decl":{"start":{"line":8,"column":4},"end":{"line":8,"column":5}},"loc":{"start":{"line":8,"column":34},"end":{"line":13,"column":5}},"line":8},"2":{"name":"(anonymous_2)","decl":{"start":{"line":15,"column":4},"end":{"line":15,"column":5}},"loc":{"start":{"line":15,"column":30},"end":{"line":24,"column":5}},"line":15}},"branchMap":{"0":{"loc":{"start":{"line":17,"column":8},"end":{"line":19,"column":9}},"type":"if","locations":[{"start":{"line":17,"column":8},"end":{"line":19,"column":9}},{"start":{},"end":{}}],"line":17},"1":{"loc":{"start":{"line":21,"column":8},"end":{"line":23,"column":9}},"type":"if","locations":[{"start":{"line":21,"column":8},"end":{"line":23,"column":9}},{"start":{},"end":{}}],"line":21}},"s":{"0":4,"1":7,"2":3,"3":3,"4":2,"5":7,"6":7,"7":2,"8":5,"9":2,"10":2},"f":{"0":4,"1":7,"2":7},"b":{"0":[2,5],"1":[2,3]},"_coverageSchema":"1a1c01bbd47fc00a2c39e90264f33305004495a9","hash":"980349883ffb7107129023f4b1d2982f5ab16e34"}
,"C:\\auth-api\\src\\Applications\\use_case\\RefreshAuthenticationUseCase.js": {"path":"C:\\auth-api\\src\\Applications\\use_case\\RefreshAuthenticationUseCase.js","statementMap":{"0":{"start":{"line":6,"column":8},"end":{"line":6,"column":66}},"1":{"start":{"line":7,"column":8},"end":{"line":7,"column":70}},"2":{"start":{"line":11,"column":8},"end":{"line":11,"column":44}},"3":{"start":{"line":12,"column":33},"end":{"line":12,"column":47}},"4":{"start":{"line":14,"column":8},"end":{"line":14,"column":80}},"5":{"start":{"line":15,"column":8},"end":{"line":15,"column":82}},"6":{"start":{"line":17,"column":29},"end":{"line":17,"column":95}},"7":{"start":{"line":19,"column":8},"end":{"line":19,"column":80}},"8":{"start":{"line":23,"column":33},"end":{"line":23,"column":40}},"9":{"start":{"line":25,"column":8},"end":{"line":27,"column":9}},"10":{"start":{"line":26,"column":12},"end":{"line":26,"column":89}},"11":{"start":{"line":29,"column":8},"end":{"line":31,"column":9}},"12":{"start":{"line":30,"column":12},"end":{"line":30,"column":104}},"13":{"start":{"line":35,"column":0},"end":{"line":35,"column":46}}},"fnMap":{"0":{"name":"(anonymous_0)","decl":{"start":{"line":2,"column":4},"end":{"line":2,"column":5}},"loc":{"start":{"line":5,"column":7},"end":{"line":8,"column":5}},"line":5},"1":{"name":"(anonymous_1)","decl":{"start":{"line":10,"column":4},"end":{"line":10,"column":5}},"loc":{"start":{"line":10,"column":34},"end":{"line":20,"column":5}},"line":10},"2":{"name":"(anonymous_2)","decl":{"start":{"line":22,"column":4},"end":{"line":22,"column":5}},"loc":{"start":{"line":22,"column":28},"end":{"line":32,"column":5}},"line":22}},"branchMap":{"0":{"loc":{"start":{"line":25,"column":8},"end":{"line":27,"column":9}},"type":"if","locations":[{"start":{"line":25,"column":8},"end":{"line":27,"column":9}},{"start":{},"end":{}}],"line":25},"1":{"loc":{"start":{"line":29,"column":8},"end":{"line":31,"column":9}},"type":"if","locations":[{"start":{"line":29,"column":8},"end":{"line":31,"column":9}},{"start":{},"end":{}}],"line":29}},"s":{"0":4,"1":4,"2":8,"3":4,"4":4,"5":3,"6":2,"7":2,"8":8,"9":8,"10":2,"11":6,"12":2,"13":2},"f":{"0":4,"1":8,"2":8},"b":{"0":[2,6],"1":[2,4]},"_coverageSchema":"1a1c01bbd47fc00a2c39e90264f33305004495a9","hash":"3ee8ff064d38c5dffa3bb2aca0f3a850224435b3"}
,"C:\\auth-api\\src\\Commons\\exceptions\\AuthenticationError.js": {"path":"C:\\auth-api\\src\\Commons\\exceptions\\AuthenticationError.js","statementMap":{"0":{"start":{"line":1,"column":20},"end":{"line":1,"column":44}},"1":{"start":{"line":5,"column":8},"end":{"line":5,"column":28}},"2":{"start":{"line":6,"column":8},"end":{"line":6,"column":42}},"3":{"start":{"line":11,"column":0},"end":{"line":11,"column":37}}},"fnMap":{"0":{"name":"(anonymous_0)","decl":{"start":{"line":4,"column":4},"end":{"line":4,"column":5}},"loc":{"start":{"line":4,"column":25},"end":{"line":7,"column":5}},"line":4}},"branchMap":{},"s":{"0":3,"1":3,"2":3,"3":3},"f":{"0":3},"b":{},"_coverageSchema":"1a1c01bbd47fc00a2c39e90264f33305004495a9","hash":"35a241d3224e96f786eaf230f1fb5ee060b73b9c"}
,"C:\\auth-api\\src\\Commons\\exceptions\\ClientError.js": {"path":"C:\\auth-api\\src\\Commons\\exceptions\\ClientError.js","statementMap":{"0":{"start":{"line":3,"column":8},"end":{"line":3,"column":23}},"1":{"start":{"line":5,"column":8},"end":{"line":7,"column":9}},"2":{"start":{"line":6,"column":12},"end":{"line":6,"column":65}},"3":{"start":{"line":9,"column":8},"end":{"line":9,"column":37}},"4":{"start":{"line":10,"column":8},"end":{"line":10,"column":34}},"5":{"start":{"line":14,"column":0},"end":{"line":14,"column":29}}},"fnMap":{"0":{"name":"(anonymous_0)","decl":{"start":{"line":2,"column":4},"end":{"line":2,"column":5}},"loc":{"start":{"line":2,"column":43},"end":{"line":11,"column":5}},"line":2}},"branchMap":{"0":{"loc":{"start":{"line":2,"column":25},"end":{"line":2,"column":41}},"type":"default-arg","locations":[{"start":{"line":2,"column":38},"end":{"line":2,"column":41}}],"line":2},"1":{"loc":{"start":{"line":5,"column":8},"end":{"line":7,"column":9}},"type":"if","locations":[{"start":{"line":5,"column":8},"end":{"line":7,"column":9}},{"start":{},"end":{}}],"line":5}},"s":{"0":39,"1":39,"2":1,"3":38,"4":38,"5":10},"f":{"0":39},"b":{"0":[35],"1":[1,38]},"_coverageSchema":"1a1c01bbd47fc00a2c39e90264f33305004495a9","hash":"ea049475dccb38417f16d155211b76f301d959b1"}
,"C:\\auth-api\\src\\Commons\\exceptions\\DomainErrorTranslator.js": {"path":"C:\\auth-api\\src\\Commons\\exceptions\\DomainErrorTranslator.js","statementMap":{"0":{"start":{"line":1,"column":23},"end":{"line":1,"column":50}},"1":{"start":{"line":3,"column":30},"end":{"line":7,"column":1}},"2":{"start":{"line":5,"column":4},"end":{"line":5,"column":70}},"3":{"start":{"line":9,"column":0},"end":{"line":20,"column":2}},"4":{"start":{"line":22,"column":0},"end":{"line":22,"column":39}}},"fnMap":{"0":{"name":"(anonymous_0)","decl":{"start":{"line":4,"column":2},"end":{"line":4,"column":3}},"loc":{"start":{"line":4,"column":19},"end":{"line":6,"column":3}},"line":4}},"branchMap":{"0":{"loc":{"start":{"line":5,"column":11},"end":{"line":5,"column":69}},"type":"binary-expr","locations":[{"start":{"line":5,"column":11},"end":{"line":5,"column":60}},{"start":{"line":5,"column":64},"end":{"line":5,"column":69}}],"line":5}},"s":{"0":2,"1":2,"2":23,"3":2,"4":2},"f":{"0":23},"b":{"0":[23,9]},"_coverageSchema":"1a1c01bbd47fc00a2c39e90264f33305004495a9","hash":"7f8f178552756709380931e81596aa1dfd3c46fe"}
,"C:\\auth-api\\src\\Commons\\exceptions\\InvariantError.js": {"path":"C:\\auth-api\\src\\Commons\\exceptions\\InvariantError.js","statementMap":{"0":{"start":{"line":1,"column":20},"end":{"line":1,"column":44}},"1":{"start":{"line":5,"column":8},"end":{"line":5,"column":23}},"2":{"start":{"line":6,"column":8},"end":{"line":6,"column":37}},"3":{"start":{"line":11,"column":0},"end":{"line":11,"column":32}}},"fnMap":{"0":{"name":"(anonymous_0)","decl":{"start":{"line":4,"column":4},"end":{"line":4,"column":5}},"loc":{"start":{"line":4,"column":25},"end":{"line":7,"column":5}},"line":4}},"branchMap":{},"s":{"0":6,"1":34,"2":34,"3":6},"f":{"0":34},"b":{},"_coverageSchema":"1a1c01bbd47fc00a2c39e90264f33305004495a9","hash":"1420028fe49b20fae268511031c72246f75f0ea3"}
,"C:\\auth-api\\src\\Commons\\exceptions\\NotFoundError.js": {"path":"C:\\auth-api\\src\\Commons\\exceptions\\NotFoundError.js","statementMap":{"0":{"start":{"line":1,"column":20},"end":{"line":1,"column":44}},"1":{"start":{"line":5,"column":8},"end":{"line":5,"column":28}},"2":{"start":{"line":6,"column":8},"end":{"line":6,"column":36}},"3":{"start":{"line":10,"column":0},"end":{"line":10,"column":31}}},"fnMap":{"0":{"name":"(anonymous_0)","decl":{"start":{"line":4,"column":4},"end":{"line":4,"column":5}},"loc":{"start":{"line":4,"column":25},"end":{"line":7,"column":5}},"line":4}},"branchMap":{},"s":{"0":1,"1":1,"2":1,"3":1},"f":{"0":1},"b":{},"_coverageSchema":"1a1c01bbd47fc00a2c39e90264f33305004495a9","hash":"993e2dba82219bdcb50887f72d63871654feecf8"}
,"C:\\auth-api\\src\\Domains\\authentications\\AuthenticationRepository.js": {"path":"C:\\auth-api\\src\\Domains\\authentications\\AuthenticationRepository.js","statementMap":{"0":{"start":{"line":3,"column":8},"end":{"line":3,"column":76}},"1":{"start":{"line":7,"column":8},"end":{"line":7,"column":76}},"2":{"start":{"line":11,"column":8},"end":{"line":11,"column":76}},"3":{"start":{"line":15,"column":0},"end":{"line":15,"column":42}}},"fnMap":{"0":{"name":"(anonymous_0)","decl":{"start":{"line":2,"column":4},"end":{"line":2,"column":5}},"loc":{"start":{"line":2,"column":26},"end":{"line":4,"column":5}},"line":2},"1":{"name":"(anonymous_1)","decl":{"start":{"line":6,"column":4},"end":{"line":6,"column":5}},"loc":{"start":{"line":6,"column":40},"end":{"line":8,"column":5}},"line":6},"2":{"name":"(anonymous_2)","decl":{"start":{"line":10,"column":4},"end":{"line":10,"column":5}},"loc":{"start":{"line":10,"column":29},"end":{"line":12,"column":5}},"line":10}},"branchMap":{},"s":{"0":1,"1":1,"2":1,"3":6},"f":{"0":1,"1":1,"2":1},"b":{},"_coverageSchema":"1a1c01bbd47fc00a2c39e90264f33305004495a9","hash":"fda7104ee4c8a563aa418b86b539c5b3bdcc2d20"}
,"C:\\auth-api\\src\\Domains\\authentications\\entities\\NewAuth.js": {"path":"C:\\auth-api\\src\\Domains\\authentications\\entities\\NewAuth.js","statementMap":{"0":{"start":{"line":3,"column":8},"end":{"line":3,"column":37}},"1":{"start":{"line":5,"column":8},"end":{"line":5,"column":47}},"2":{"start":{"line":6,"column":8},"end":{"line":6,"column":49}},"3":{"start":{"line":10,"column":46},"end":{"line":10,"column":53}},"4":{"start":{"line":12,"column":8},"end":{"line":14,"column":9}},"5":{"start":{"line":13,"column":12},"end":{"line":13,"column":68}},"6":{"start":{"line":16,"column":8},"end":{"line":18,"column":9}},"7":{"start":{"line":17,"column":12},"end":{"line":17,"column":73}},"8":{"start":{"line":22,"column":0},"end":{"line":22,"column":25}}},"fnMap":{"0":{"name":"(anonymous_0)","decl":{"start":{"line":2,"column":4},"end":{"line":2,"column":5}},"loc":{"start":{"line":2,"column":25},"end":{"line":7,"column":5}},"line":2},"1":{"name":"(anonymous_1)","decl":{"start":{"line":9,"column":4},"end":{"line":9,"column":5}},"loc":{"start":{"line":9,"column":28},"end":{"line":19,"column":5}},"line":9}},"branchMap":{"0":{"loc":{"start":{"line":12,"column":8},"end":{"line":14,"column":9}},"type":"if","locations":[{"start":{"line":12,"column":8},"end":{"line":14,"column":9}},{"start":{},"end":{}}],"line":12},"1":{"loc":{"start":{"line":12,"column":12},"end":{"line":12,"column":41}},"type":"binary-expr","locations":[{"start":{"line":12,"column":12},"end":{"line":12,"column":24}},{"start":{"line":12,"column":28},"end":{"line":12,"column":41}}],"line":12},"2":{"loc":{"start":{"line":16,"column":8},"end":{"line":18,"column":9}},"type":"if","locations":[{"start":{"line":16,"column":8},"end":{"line":18,"column":9}},{"start":{},"end":{}}],"line":16},"3":{"loc":{"start":{"line":16,"column":12},"end":{"line":16,"column":79}},"type":"binary-expr","locations":[{"start":{"line":16,"column":12},"end":{"line":16,"column":43}},{"start":{"line":16,"column":47},"end":{"line":16,"column":79}}],"line":16}},"s":{"0":7,"1":5,"2":5,"3":7,"4":7,"5":1,"6":6,"7":1,"8":3},"f":{"0":7,"1":7},"b":{"0":[1,6],"1":[7,7],"2":[1,5],"3":[6,6]},"_coverageSchema":"1a1c01bbd47fc00a2c39e90264f33305004495a9","hash":"f1efd60bbec10abe3c854531bd27fb35d4ed10b1"}
,"C:\\auth-api\\src\\Domains\\users\\UserRepository.js": {"path":"C:\\auth-api\\src\\Domains\\users\\UserRepository.js","statementMap":{"0":{"start":{"line":3,"column":6},"end":{"line":3,"column":64}},"1":{"start":{"line":7,"column":6},"end":{"line":7,"column":64}},"2":{"start":{"line":11,"column":6},"end":{"line":11,"column":64}},"3":{"start":{"line":15,"column":2},"end":{"line":15,"column":34}}},"fnMap":{"0":{"name":"(anonymous_0)","decl":{"start":{"line":2,"column":4},"end":{"line":2,"column":5}},"loc":{"start":{"line":2,"column":32},"end":{"line":4,"column":5}},"line":2},"1":{"name":"(anonymous_1)","decl":{"start":{"line":6,"column":4},"end":{"line":6,"column":5}},"loc":{"start":{"line":6,"column":44},"end":{"line":8,"column":5}},"line":6},"2":{"name":"(anonymous_2)","decl":{"start":{"line":10,"column":4},"end":{"line":10,"column":5}},"loc":{"start":{"line":10,"column":42},"end":{"line":12,"column":5}},"line":10}},"branchMap":{},"s":{"0":1,"1":1,"2":1,"3":5},"f":{"0":1,"1":1,"2":1},"b":{},"_coverageSchema":"1a1c01bbd47fc00a2c39e90264f33305004495a9","hash":"72f910cc0d149e2b8703bad5ea3112a4541e445f"}
,"C:\\auth-api\\src\\Domains\\users\\entities\\RegisterUser.js": {"path":"C:\\auth-api\\src\\Domains\\users\\entities\\RegisterUser.js","statementMap":{"0":{"start":{"line":3,"column":6},"end":{"line":3,"column":35}},"1":{"start":{"line":5,"column":47},"end":{"line":5,"column":54}},"2":{"start":{"line":7,"column":6},"end":{"line":7,"column":31}},"3":{"start":{"line":8,"column":6},"end":{"line":8,"column":31}},"4":{"start":{"line":9,"column":6},"end":{"line":9,"column":31}},"5":{"start":{"line":13,"column":6},"end":{"line":15,"column":7}},"6":{"start":{"line":14,"column":8},"end":{"line":14,"column":69}},"7":{"start":{"line":17,"column":6},"end":{"line":19,"column":7}},"8":{"start":{"line":18,"column":8},"end":{"line":18,"column":74}},"9":{"start":{"line":21,"column":6},"end":{"line":23,"column":7}},"10":{"start":{"line":22,"column":8},"end":{"line":22,"column":61}},"11":{"start":{"line":25,"column":6},"end":{"line":27,"column":7}},"12":{"start":{"line":26,"column":8},"end":{"line":26,"column":79}},"13":{"start":{"line":31,"column":2},"end":{"line":31,"column":32}}},"fnMap":{"0":{"name":"(anonymous_0)","decl":{"start":{"line":2,"column":4},"end":{"line":2,"column":5}},"loc":{"start":{"line":2,"column":25},"end":{"line":10,"column":5}},"line":2},"1":{"name":"(anonymous_1)","decl":{"start":{"line":12,"column":4},"end":{"line":12,"column":5}},"loc":{"start":{"line":12,"column":53},"end":{"line":28,"column":5}},"line":12}},"branchMap":{"0":{"loc":{"start":{"line":13,"column":6},"end":{"line":15,"column":7}},"type":"if","locations":[{"start":{"line":13,"column":6},"end":{"line":15,"column":7}},{"start":{},"end":{}}],"line":13},"1":{"loc":{"start":{"line":13,"column":10},"end":{"line":13,"column":45}},"type":"binary-expr","locations":[{"start":{"line":13,"column":10},"end":{"line":13,"column":19}},{"start":{"line":13,"column":23},"end":{"line":13,"column":32}},{"start":{"line":13,"column":36},"end":{"line":13,"column":45}}],"line":13},"2":{"loc":{"start":{"line":17,"column":6},"end":{"line":19,"column":7}},"type":"if","locations":[{"start":{"line":17,"column":6},"end":{"line":19,"column":7}},{"start":{},"end":{}}],"line":17},"3":{"loc":{"start":{"line":17,"column":10},"end":{"line":17,"column":102}},"type":"binary-expr","locations":[{"start":{"line":17,"column":10},"end":{"line":17,"column":38}},{"start":{"line":17,"column":42},"end":{"line":17,"column":70}},{"start":{"line":17,"column":74},"end":{"line":17,"column":102}}],"line":17},"4":{"loc":{"start":{"line":21,"column":6},"end":{"line":23,"column":7}},"type":"if","locations":[{"start":{"line":21,"column":6},"end":{"line":23,"column":7}},{"start":{},"end":{}}],"line":21},"5":{"loc":{"start":{"line":25,"column":6},"end":{"line":27,"column":7}},"type":"if","locations":[{"start":{"line":25,"column":6},"end":{"line":27,"column":7}},{"start":{},"end":{}}],"line":25}},"s":{"0":18,"1":10,"2":10,"3":10,"4":10,"5":18,"6":2,"7":16,"8":2,"9":14,"10":2,"11":12,"12":2,"13":4},"f":{"0":18,"1":18},"b":{"0":[2,16],"1":[18,17,17],"2":[2,14],"3":[16,15,15],"4":[2,12],"5":[2,10]},"_coverageSchema":"1a1c01bbd47fc00a2c39e90264f33305004495a9","hash":"5ce9bb4c7f67fa010b7b8bc5c35b5ce3682a4b55"}
,"C:\\auth-api\\src\\Domains\\users\\entities\\RegisteredUser.js": {"path":"C:\\auth-api\\src\\Domains\\users\\entities\\RegisteredUser.js","statementMap":{"0":{"start":{"line":3,"column":6},"end":{"line":3,"column":35}},"1":{"start":{"line":5,"column":41},"end":{"line":5,"column":48}},"2":{"start":{"line":7,"column":6},"end":{"line":7,"column":19}},"3":{"start":{"line":8,"column":6},"end":{"line":8,"column":31}},"4":{"start":{"line":9,"column":6},"end":{"line":9,"column":31}},"5":{"start":{"line":13,"column":6},"end":{"line":15,"column":7}},"6":{"start":{"line":14,"column":8},"end":{"line":14,"column":71}},"7":{"start":{"line":17,"column":6},"end":{"line":19,"column":7}},"8":{"start":{"line":18,"column":8},"end":{"line":18,"column":76}},"9":{"start":{"line":23,"column":2},"end":{"line":23,"column":34}}},"fnMap":{"0":{"name":"(anonymous_0)","decl":{"start":{"line":2,"column":4},"end":{"line":2,"column":5}},"loc":{"start":{"line":2,"column":25},"end":{"line":10,"column":5}},"line":2},"1":{"name":"(anonymous_1)","decl":{"start":{"line":12,"column":4},"end":{"line":12,"column":5}},"loc":{"start":{"line":12,"column":47},"end":{"line":20,"column":5}},"line":12}},"branchMap":{"0":{"loc":{"start":{"line":13,"column":6},"end":{"line":15,"column":7}},"type":"if","locations":[{"start":{"line":13,"column":6},"end":{"line":15,"column":7}},{"start":{},"end":{}}],"line":13},"1":{"loc":{"start":{"line":13,"column":10},"end":{"line":13,"column":39}},"type":"binary-expr","locations":[{"start":{"line":13,"column":10},"end":{"line":13,"column":13}},{"start":{"line":13,"column":17},"end":{"line":13,"column":26}},{"start":{"line":13,"column":30},"end":{"line":13,"column":39}}],"line":13},"2":{"loc":{"start":{"line":17,"column":6},"end":{"line":19,"column":7}},"type":"if","locations":[{"start":{"line":17,"column":6},"end":{"line":19,"column":7}},{"start":{},"end":{}}],"line":17},"3":{"loc":{"start":{"line":17,"column":10},"end":{"line":17,"column":96}},"type":"binary-expr","locations":[{"start":{"line":17,"column":10},"end":{"line":17,"column":32}},{"start":{"line":17,"column":36},"end":{"line":17,"column":64}},{"start":{"line":17,"column":68},"end":{"line":17,"column":96}}],"line":17}},"s":{"0":11,"1":9,"2":9,"3":9,"4":9,"5":11,"6":1,"7":10,"8":1,"9":4},"f":{"0":11,"1":11},"b":{"0":[1,10],"1":[11,10,10],"2":[1,9],"3":[10,9,9]},"_coverageSchema":"1a1c01bbd47fc00a2c39e90264f33305004495a9","hash":"b0ccc7dbff3f0e5ad6e90d43a1767c14167a5e77"}
,"C:\\auth-api\\src\\Domains\\users\\entities\\UserLogin.js": {"path":"C:\\auth-api\\src\\Domains\\users\\entities\\UserLogin.js","statementMap":{"0":{"start":{"line":3,"column":8},"end":{"line":3,"column":37}},"1":{"start":{"line":5,"column":8},"end":{"line":5,"column":41}},"2":{"start":{"line":6,"column":8},"end":{"line":6,"column":41}},"3":{"start":{"line":10,"column":39},"end":{"line":10,"column":46}},"4":{"start":{"line":12,"column":8},"end":{"line":14,"column":9}},"5":{"start":{"line":13,"column":12},"end":{"line":13,"column":70}},"6":{"start":{"line":16,"column":8},"end":{"line":18,"column":9}},"7":{"start":{"line":17,"column":12},"end":{"line":17,"column":75}},"8":{"start":{"line":22,"column":0},"end":{"line":22,"column":27}}},"fnMap":{"0":{"name":"(anonymous_0)","decl":{"start":{"line":2,"column":4},"end":{"line":2,"column":5}},"loc":{"start":{"line":2,"column":25},"end":{"line":7,"column":5}},"line":2},"1":{"name":"(anonymous_1)","decl":{"start":{"line":9,"column":4},"end":{"line":9,"column":5}},"loc":{"start":{"line":9,"column":28},"end":{"line":19,"column":5}},"line":9}},"branchMap":{"0":{"loc":{"start":{"line":12,"column":8},"end":{"line":14,"column":9}},"type":"if","locations":[{"start":{"line":12,"column":8},"end":{"line":14,"column":9}},{"start":{},"end":{}}],"line":12},"1":{"loc":{"start":{"line":12,"column":12},"end":{"line":12,"column":34}},"type":"binary-expr","locations":[{"start":{"line":12,"column":12},"end":{"line":12,"column":21}},{"start":{"line":12,"column":25},"end":{"line":12,"column":34}}],"line":12},"2":{"loc":{"start":{"line":16,"column":8},"end":{"line":18,"column":9}},"type":"if","locations":[{"start":{"line":16,"column":8},"end":{"line":18,"column":9}},{"start":{},"end":{}}],"line":16},"3":{"loc":{"start":{"line":16,"column":12},"end":{"line":16,"column":72}},"type":"binary-expr","locations":[{"start":{"line":16,"column":12},"end":{"line":16,"column":40}},{"start":{"line":16,"column":44},"end":{"line":16,"column":72}}],"line":16}},"s":{"0":10,"1":6,"2":6,"3":10,"4":10,"5":2,"6":8,"7":2,"8":3},"f":{"0":10,"1":10},"b":{"0":[2,8],"1":[10,10],"2":[2,6],"3":[8,7]},"_coverageSchema":"1a1c01bbd47fc00a2c39e90264f33305004495a9","hash":"5372c26d11340874616b5f5f8e19c3bce48f2222"}
,"C:\\auth-api\\src\\Infrastructures\\http\\createServer.js": {"path":"C:\\auth-api\\src\\Infrastructures\\http\\createServer.js","statementMap":{"0":{"start":{"line":1,"column":13},"end":{"line":1,"column":34}},"1":{"start":{"line":2,"column":20},"end":{"line":2,"column":67}},"2":{"start":{"line":3,"column":30},"end":{"line":3,"column":87}},"3":{"start":{"line":4,"column":14},"end":{"line":4,"column":56}},"4":{"start":{"line":5,"column":24},"end":{"line":5,"column":76}},"5":{"start":{"line":7,"column":21},"end":{"line":61,"column":1}},"6":{"start":{"line":8,"column":17},"end":{"line":11,"column":4}},"7":{"start":{"line":13,"column":2},"end":{"line":22,"column":5}},"8":{"start":{"line":24,"column":2},"end":{"line":58,"column":5}},"9":{"start":{"line":26,"column":25},"end":{"line":26,"column":32}},"10":{"start":{"line":28,"column":4},"end":{"line":54,"column":5}},"11":{"start":{"line":30,"column":30},"end":{"line":30,"column":71}},"12":{"start":{"line":33,"column":6},"end":{"line":40,"column":7}},"13":{"start":{"line":34,"column":28},"end":{"line":37,"column":10}},"14":{"start":{"line":38,"column":8},"end":{"line":38,"column":53}},"15":{"start":{"line":39,"column":8},"end":{"line":39,"column":27}},"16":{"start":{"line":43,"column":6},"end":{"line":45,"column":7}},"17":{"start":{"line":44,"column":8},"end":{"line":44,"column":26}},"18":{"start":{"line":48,"column":26},"end":{"line":51,"column":8}},"19":{"start":{"line":52,"column":6},"end":{"line":52,"column":28}},"20":{"start":{"line":53,"column":6},"end":{"line":53,"column":25}},"21":{"start":{"line":57,"column":4},"end":{"line":57,"column":22}},"22":{"start":{"line":60,"column":2},"end":{"line":60,"column":16}},"23":{"start":{"line":63,"column":0},"end":{"line":63,"column":30}}},"fnMap":{"0":{"name":"(anonymous_0)","decl":{"start":{"line":7,"column":21},"end":{"line":7,"column":22}},"loc":{"start":{"line":7,"column":42},"end":{"line":61,"column":1}},"line":7},"1":{"name":"(anonymous_1)","decl":{"start":{"line":24,"column":30},"end":{"line":24,"column":31}},"loc":{"start":{"line":24,"column":46},"end":{"line":58,"column":3}},"line":24}},"branchMap":{"0":{"loc":{"start":{"line":28,"column":4},"end":{"line":54,"column":5}},"type":"if","locations":[{"start":{"line":28,"column":4},"end":{"line":54,"column":5}},{"start":{},"end":{}}],"line":28},"1":{"loc":{"start":{"line":33,"column":6},"end":{"line":40,"column":7}},"type":"if","locations":[{"start":{"line":33,"column":6},"end":{"line":40,"column":7}},{"start":{},"end":{}}],"line":33},"2":{"loc":{"start":{"line":43,"column":6},"end":{"line":45,"column":7}},"type":"if","locations":[{"start":{"line":43,"column":6},"end":{"line":45,"column":7}},{"start":{},"end":{}}],"line":43}},"s":{"0":1,"1":1,"2":1,"3":1,"4":1,"5":1,"6":22,"7":22,"8":22,"9":26,"10":26,"11":18,"12":18,"13":16,"14":16,"15":16,"16":2,"17":1,"18":1,"19":1,"20":1,"21":8,"22":22,"23":1},"f":{"0":22,"1":26},"b":{"0":[18,8],"1":[16,2],"2":[1,1]},"_coverageSchema":"1a1c01bbd47fc00a2c39e90264f33305004495a9","hash":"24d8a854e4e16645064ca2e2837a8eb8dae2f403"}
,"C:\\auth-api\\src\\Infrastructures\\repository\\AuthenticationRepositoryPostgres.js": {"path":"C:\\auth-api\\src\\Infrastructures\\repository\\AuthenticationRepositoryPostgres.js","statementMap":{"0":{"start":{"line":1,"column":23},"end":{"line":1,"column":73}},"1":{"start":{"line":2,"column":33},"end":{"line":2,"column":98}},"2":{"start":{"line":6,"column":4},"end":{"line":6,"column":12}},"3":{"start":{"line":7,"column":4},"end":{"line":7,"column":22}},"4":{"start":{"line":11,"column":18},"end":{"line":14,"column":5}},"5":{"start":{"line":16,"column":4},"end":{"line":16,"column":34}},"6":{"start":{"line":20,"column":18},"end":{"line":23,"column":5}},"7":{"start":{"line":25,"column":19},"end":{"line":25,"column":48}},"8":{"start":{"line":27,"column":4},"end":{"line":29,"column":5}},"9":{"start":{"line":28,"column":6},"end":{"line":28,"column":76}},"10":{"start":{"line":33,"column":18},"end":{"line":36,"column":5}},"11":{"start":{"line":38,"column":4},"end":{"line":38,"column":34}},"12":{"start":{"line":42,"column":0},"end":{"line":42,"column":50}}},"fnMap":{"0":{"name":"(anonymous_0)","decl":{"start":{"line":5,"column":2},"end":{"line":5,"column":3}},"loc":{"start":{"line":5,"column":20},"end":{"line":8,"column":3}},"line":5},"1":{"name":"(anonymous_1)","decl":{"start":{"line":10,"column":2},"end":{"line":10,"column":3}},"loc":{"start":{"line":10,"column":24},"end":{"line":17,"column":3}},"line":10},"2":{"name":"(anonymous_2)","decl":{"start":{"line":19,"column":2},"end":{"line":19,"column":3}},"loc":{"start":{"line":19,"column":38},"end":{"line":30,"column":3}},"line":19},"3":{"name":"(anonymous_3)","decl":{"start":{"line":32,"column":2},"end":{"line":32,"column":3}},"loc":{"start":{"line":32,"column":27},"end":{"line":39,"column":3}},"line":32}},"branchMap":{"0":{"loc":{"start":{"line":27,"column":4},"end":{"line":29,"column":5}},"type":"if","locations":[{"start":{"line":27,"column":4},"end":{"line":29,"column":5}},{"start":{},"end":{}}],"line":27}},"s":{"0":2,"1":2,"2":5,"3":5,"4":3,"5":3,"6":6,"7":6,"8":6,"9":3,"10":2,"11":2,"12":2},"f":{"0":5,"1":3,"2":6,"3":2},"b":{"0":[3,3]},"_coverageSchema":"1a1c01bbd47fc00a2c39e90264f33305004495a9","hash":"97d98875b60a67c721fc6a04443bee29f0812f16"}
,"C:\\auth-api\\src\\Infrastructures\\repository\\UserRepositoryPostgres.js": {"path":"C:\\auth-api\\src\\Infrastructures\\repository\\UserRepositoryPostgres.js","statementMap":{"0":{"start":{"line":1,"column":23},"end":{"line":1,"column":73}},"1":{"start":{"line":2,"column":23},"end":{"line":2,"column":77}},"2":{"start":{"line":3,"column":23},"end":{"line":3,"column":68}},"3":{"start":{"line":7,"column":4},"end":{"line":7,"column":12}},"4":{"start":{"line":8,"column":4},"end":{"line":8,"column":22}},"5":{"start":{"line":9,"column":4},"end":{"line":9,"column":36}},"6":{"start":{"line":13,"column":18},"end":{"line":16,"column":5}},"7":{"start":{"line":18,"column":19},"end":{"line":18,"column":48}},"8":{"start":{"line":20,"column":4},"end":{"line":22,"column":5}},"9":{"start":{"line":21,"column":6},"end":{"line":21,"column":58}},"10":{"start":{"line":26,"column":45},"end":{"line":26,"column":57}},"11":{"start":{"line":27,"column":15},"end":{"line":27,"column":44}},"12":{"start":{"line":29,"column":18},"end":{"line":32,"column":5}},"13":{"start":{"line":34,"column":19},"end":{"line":34,"column":48}},"14":{"start":{"line":36,"column":4},"end":{"line":36,"column":53}},"15":{"start":{"line":40,"column":18},"end":{"line":43,"column":5}},"16":{"start":{"line":45,"column":19},"end":{"line":45,"column":48}},"17":{"start":{"line":47,"column":4},"end":{"line":49,"column":5}},"18":{"start":{"line":48,"column":6},"end":{"line":48,"column":59}},"19":{"start":{"line":51,"column":4},"end":{"line":51,"column":35}},"20":{"start":{"line":55,"column":0},"end":{"line":55,"column":40}}},"fnMap":{"0":{"name":"(anonymous_0)","decl":{"start":{"line":6,"column":2},"end":{"line":6,"column":3}},"loc":{"start":{"line":6,"column":33},"end":{"line":10,"column":3}},"line":6},"1":{"name":"(anonymous_1)","decl":{"start":{"line":12,"column":2},"end":{"line":12,"column":3}},"loc":{"start":{"line":12,"column":42},"end":{"line":23,"column":3}},"line":12},"2":{"name":"(anonymous_2)","decl":{"start":{"line":25,"column":2},"end":{"line":25,"column":3}},"loc":{"start":{"line":25,"column":30},"end":{"line":37,"column":3}},"line":25},"3":{"name":"(anonymous_3)","decl":{"start":{"line":39,"column":2},"end":{"line":39,"column":3}},"loc":{"start":{"line":39,"column":40},"end":{"line":52,"column":3}},"line":39}},"branchMap":{"0":{"loc":{"start":{"line":20,"column":4},"end":{"line":22,"column":5}},"type":"if","locations":[{"start":{"line":20,"column":4},"end":{"line":22,"column":5}},{"start":{},"end":{}}],"line":20},"1":{"loc":{"start":{"line":47,"column":4},"end":{"line":49,"column":5}},"type":"if","locations":[{"start":{"line":47,"column":4},"end":{"line":49,"column":5}},{"start":{},"end":{}}],"line":47}},"s":{"0":2,"1":2,"2":2,"3":7,"4":7,"5":7,"6":7,"7":7,"8":7,"9":2,"10":6,"11":6,"12":6,"13":6,"14":6,"15":6,"16":6,"17":6,"18":2,"19":4,"20":2},"f":{"0":7,"1":7,"2":6,"3":6},"b":{"0":[2,5],"1":[2,4]},"_coverageSchema":"1a1c01bbd47fc00a2c39e90264f33305004495a9","hash":"b86238c133d62774e85a3562cc6ca03edf72fe78"}
,"C:\\auth-api\\src\\Infrastructures\\security\\BcryptPasswordHash.js": {"path":"C:\\auth-api\\src\\Infrastructures\\security\\BcryptPasswordHash.js","statementMap":{"0":{"start":{"line":1,"column":21},"end":{"line":1,"column":72}},"1":{"start":{"line":2,"column":28},"end":{"line":2,"column":83}},"2":{"start":{"line":6,"column":4},"end":{"line":6,"column":12}},"3":{"start":{"line":7,"column":4},"end":{"line":7,"column":26}},"4":{"start":{"line":8,"column":4},"end":{"line":8,"column":32}},"5":{"start":{"line":12,"column":4},"end":{"line":12,"column":56}},"6":{"start":{"line":16,"column":19},"end":{"line":16,"column":71}},"7":{"start":{"line":18,"column":4},"end":{"line":20,"column":5}},"8":{"start":{"line":19,"column":6},"end":{"line":19,"column":75}},"9":{"start":{"line":24,"column":0},"end":{"line":24,"column":36}}},"fnMap":{"0":{"name":"(anonymous_0)","decl":{"start":{"line":5,"column":2},"end":{"line":5,"column":3}},"loc":{"start":{"line":5,"column":38},"end":{"line":9,"column":3}},"line":5},"1":{"name":"(anonymous_1)","decl":{"start":{"line":11,"column":2},"end":{"line":11,"column":3}},"loc":{"start":{"line":11,"column":23},"end":{"line":13,"column":3}},"line":11},"2":{"name":"(anonymous_2)","decl":{"start":{"line":15,"column":2},"end":{"line":15,"column":3}},"loc":{"start":{"line":15,"column":42},"end":{"line":21,"column":3}},"line":15}},"branchMap":{"0":{"loc":{"start":{"line":5,"column":22},"end":{"line":5,"column":36}},"type":"default-arg","locations":[{"start":{"line":5,"column":34},"end":{"line":5,"column":36}}],"line":5},"1":{"loc":{"start":{"line":18,"column":4},"end":{"line":20,"column":5}},"type":"if","locations":[{"start":{"line":18,"column":4},"end":{"line":20,"column":5}},{"start":{},"end":{}}],"line":18}},"s":{"0":2,"1":2,"2":4,"3":4,"4":4,"5":6,"6":5,"7":5,"8":2,"9":2},"f":{"0":4,"1":6,"2":5},"b":{"0":[4],"1":[2,3]},"_coverageSchema":"1a1c01bbd47fc00a2c39e90264f33305004495a9","hash":"ba3f429a302b853dc9c14f145f3d8b2080b9f076"}
,"C:\\auth-api\\src\\Infrastructures\\security\\JwtTokenManager.js": {"path":"C:\\auth-api\\src\\Infrastructures\\security\\JwtTokenManager.js","statementMap":{"0":{"start":{"line":1,"column":35},"end":{"line":1,"column":100}},"1":{"start":{"line":2,"column":23},"end":{"line":2,"column":73}},"2":{"start":{"line":6,"column":4},"end":{"line":6,"column":12}},"3":{"start":{"line":7,"column":4},"end":{"line":7,"column":20}},"4":{"start":{"line":11,"column":4},"end":{"line":11,"column":69}},"5":{"start":{"line":15,"column":4},"end":{"line":15,"column":70}},"6":{"start":{"line":19,"column":4},"end":{"line":24,"column":5}},"7":{"start":{"line":20,"column":24},"end":{"line":20,"column":47}},"8":{"start":{"line":21,"column":6},"end":{"line":21,"column":65}},"9":{"start":{"line":23,"column":6},"end":{"line":23,"column":60}},"10":{"start":{"line":28,"column":22},"end":{"line":28,"column":45}},"11":{"start":{"line":29,"column":4},"end":{"line":29,"column":37}},"12":{"start":{"line":33,"column":0},"end":{"line":33,"column":33}}},"fnMap":{"0":{"name":"(anonymous_0)","decl":{"start":{"line":5,"column":2},"end":{"line":5,"column":3}},"loc":{"start":{"line":5,"column":19},"end":{"line":8,"column":3}},"line":5},"1":{"name":"(anonymous_1)","decl":{"start":{"line":10,"column":2},"end":{"line":10,"column":3}},"loc":{"start":{"line":10,"column":35},"end":{"line":12,"column":3}},"line":10},"2":{"name":"(anonymous_2)","decl":{"start":{"line":14,"column":2},"end":{"line":14,"column":3}},"loc":{"start":{"line":14,"column":36},"end":{"line":16,"column":3}},"line":14},"3":{"name":"(anonymous_3)","decl":{"start":{"line":18,"column":2},"end":{"line":18,"column":3}},"loc":{"start":{"line":18,"column":34},"end":{"line":25,"column":3}},"line":18},"4":{"name":"(anonymous_4)","decl":{"start":{"line":27,"column":2},"end":{"line":27,"column":3}},"loc":{"start":{"line":27,"column":29},"end":{"line":30,"column":3}},"line":27}},"branchMap":{},"s":{"0":2,"1":2,"2":6,"3":6,"4":6,"5":5,"6":5,"7":5,"8":4,"9":2,"10":2,"11":2,"12":2},"f":{"0":6,"1":6,"2":5,"3":5,"4":2},"b":{},"_coverageSchema":"1a1c01bbd47fc00a2c39e90264f33305004495a9","hash":"59be2ce5741e5fb8895d2962cf471f95f0d29002"}
,"C:\\auth-api\\src\\Interfaces\\http\\api\\authentications\\handler.js": {"path":"C:\\auth-api\\src\\Interfaces\\http\\api\\authentications\\handler.js","statementMap":{"0":{"start":{"line":1,"column":25},"end":{"line":1,"column":86}},"1":{"start":{"line":2,"column":37},"end":{"line":2,"column":110}},"2":{"start":{"line":3,"column":26},"end":{"line":3,"column":88}},"3":{"start":{"line":7,"column":4},"end":{"line":7,"column":32}},"4":{"start":{"line":9,"column":4},"end":{"line":9,"column":79}},"5":{"start":{"line":10,"column":4},"end":{"line":10,"column":77}},"6":{"start":{"line":11,"column":4},"end":{"line":11,"column":83}},"7":{"start":{"line":15,"column":29},"end":{"line":15,"column":79}},"8":{"start":{"line":16,"column":42},"end":{"line":16,"column":89}},"9":{"start":{"line":17,"column":21},"end":{"line":23,"column":6}},"10":{"start":{"line":24,"column":4},"end":{"line":24,"column":23}},"11":{"start":{"line":25,"column":4},"end":{"line":25,"column":20}},"12":{"start":{"line":29,"column":41},"end":{"line":30,"column":53}},"13":{"start":{"line":31,"column":24},"end":{"line":31,"column":83}},"14":{"start":{"line":33,"column":4},"end":{"line":38,"column":6}},"15":{"start":{"line":42,"column":30},"end":{"line":42,"column":81}},"16":{"start":{"line":43,"column":4},"end":{"line":43,"column":53}},"17":{"start":{"line":44,"column":4},"end":{"line":46,"column":6}},"18":{"start":{"line":50,"column":0},"end":{"line":50,"column":40}}},"fnMap":{"0":{"name":"(anonymous_0)","decl":{"start":{"line":6,"column":2},"end":{"line":6,"column":3}},"loc":{"start":{"line":6,"column":25},"end":{"line":12,"column":3}},"line":6},"1":{"name":"(anonymous_1)","decl":{"start":{"line":14,"column":2},"end":{"line":14,"column":3}},"loc":{"start":{"line":14,"column":46},"end":{"line":26,"column":3}},"line":14},"2":{"name":"(anonymous_2)","decl":{"start":{"line":28,"column":2},"end":{"line":28,"column":3}},"loc":{"start":{"line":28,"column":42},"end":{"line":39,"column":3}},"line":28},"3":{"name":"(anonymous_3)","decl":{"start":{"line":41,"column":2},"end":{"line":41,"column":3}},"loc":{"start":{"line":41,"column":45},"end":{"line":47,"column":3}},"line":41}},"branchMap":{},"s":{"0":1,"1":1,"2":1,"3":22,"4":22,"5":22,"6":22,"7":6,"8":6,"9":2,"10":2,"11":2,"12":5,"13":5,"14":1,"15":4,"16":4,"17":1,"18":1},"f":{"0":22,"1":6,"2":5,"3":4},"b":{},"_coverageSchema":"1a1c01bbd47fc00a2c39e90264f33305004495a9","hash":"24422ff2acab7f6615bca2d8f30902f39c09f494"}
,"C:\\auth-api\\src\\Interfaces\\http\\api\\authentications\\index.js": {"path":"C:\\auth-api\\src\\Interfaces\\http\\api\\authentications\\index.js","statementMap":{"0":{"start":{"line":1,"column":15},"end":{"line":1,"column":34}},"1":{"start":{"line":2,"column":31},"end":{"line":2,"column":51}},"2":{"start":{"line":4,"column":0},"end":{"line":10,"column":2}},"3":{"start":{"line":7,"column":35},"end":{"line":7,"column":72}},"4":{"start":{"line":8,"column":4},"end":{"line":8,"column":49}}},"fnMap":{"0":{"name":"(anonymous_0)","decl":{"start":{"line":6,"column":12},"end":{"line":6,"column":13}},"loc":{"start":{"line":6,"column":45},"end":{"line":9,"column":3}},"line":6}},"branchMap":{},"s":{"0":1,"1":1,"2":1,"3":22,"4":22},"f":{"0":22},"b":{},"_coverageSchema":"1a1c01bbd47fc00a2c39e90264f33305004495a9","hash":"57bd85c931032472634314d7cfc0cf76783044a7"}
,"C:\\auth-api\\src\\Interfaces\\http\\api\\authentications\\routes.js": {"path":"C:\\auth-api\\src\\Interfaces\\http\\api\\authentications\\routes.js","statementMap":{"0":{"start":{"line":1,"column":15},"end":{"line":17,"column":2}},"1":{"start":{"line":1,"column":29},"end":{"line":17,"column":1}},"2":{"start":{"line":19,"column":0},"end":{"line":19,"column":24}}},"fnMap":{"0":{"name":"(anonymous_0)","decl":{"start":{"line":1,"column":15},"end":{"line":1,"column":16}},"loc":{"start":{"line":1,"column":29},"end":{"line":17,"column":1}},"line":1}},"branchMap":{},"s":{"0":1,"1":22,"2":1},"f":{"0":22},"b":{},"_coverageSchema":"1a1c01bbd47fc00a2c39e90264f33305004495a9","hash":"7fb890fc649ef52d7e2abfd8c2f05010233d8634"}
,"C:\\auth-api\\src\\Interfaces\\http\\api\\users\\handler.js": {"path":"C:\\auth-api\\src\\Interfaces\\http\\api\\users\\handler.js","statementMap":{"0":{"start":{"line":1,"column":23},"end":{"line":1,"column":82}},"1":{"start":{"line":5,"column":4},"end":{"line":5,"column":32}},"2":{"start":{"line":7,"column":4},"end":{"line":7,"column":59}},"3":{"start":{"line":11,"column":27},"end":{"line":11,"column":75}},"4":{"start":{"line":12,"column":22},"end":{"line":12,"column":67}},"5":{"start":{"line":14,"column":21},"end":{"line":19,"column":6}},"6":{"start":{"line":20,"column":4},"end":{"line":20,"column":23}},"7":{"start":{"line":21,"column":4},"end":{"line":21,"column":20}},"8":{"start":{"line":25,"column":0},"end":{"line":25,"column":30}}},"fnMap":{"0":{"name":"(anonymous_0)","decl":{"start":{"line":4,"column":2},"end":{"line":4,"column":3}},"loc":{"start":{"line":4,"column":25},"end":{"line":8,"column":3}},"line":4},"1":{"name":"(anonymous_1)","decl":{"start":{"line":10,"column":2},"end":{"line":10,"column":3}},"loc":{"start":{"line":10,"column":36},"end":{"line":22,"column":3}},"line":10}},"branchMap":{},"s":{"0":1,"1":22,"2":22,"3":10,"4":9,"5":4,"6":4,"7":4,"8":1},"f":{"0":22,"1":10},"b":{},"_coverageSchema":"1a1c01bbd47fc00a2c39e90264f33305004495a9","hash":"5c22e920ea89199e8ec838f82535278ce070f377"}
,"C:\\auth-api\\src\\Interfaces\\http\\api\\users\\index.js": {"path":"C:\\auth-api\\src\\Interfaces\\http\\api\\users\\index.js","statementMap":{"0":{"start":{"line":1,"column":21},"end":{"line":1,"column":41}},"1":{"start":{"line":2,"column":15},"end":{"line":2,"column":34}},"2":{"start":{"line":4,"column":0},"end":{"line":10,"column":2}},"3":{"start":{"line":7,"column":25},"end":{"line":7,"column":52}},"4":{"start":{"line":8,"column":4},"end":{"line":8,"column":39}}},"fnMap":{"0":{"name":"(anonymous_0)","decl":{"start":{"line":6,"column":12},"end":{"line":6,"column":13}},"loc":{"start":{"line":6,"column":45},"end":{"line":9,"column":3}},"line":6}},"branchMap":{},"s":{"0":1,"1":1,"2":1,"3":22,"4":22},"f":{"0":22},"b":{},"_coverageSchema":"1a1c01bbd47fc00a2c39e90264f33305004495a9","hash":"29d92e2c985010d60f8daae084578d4ac4a4c57a"}
,"C:\\auth-api\\src\\Interfaces\\http\\api\\users\\routes.js": {"path":"C:\\auth-api\\src\\Interfaces\\http\\api\\users\\routes.js","statementMap":{"0":{"start":{"line":1,"column":15},"end":{"line":7,"column":2}},"1":{"start":{"line":1,"column":29},"end":{"line":7,"column":1}},"2":{"start":{"line":9,"column":0},"end":{"line":9,"column":24}}},"fnMap":{"0":{"name":"(anonymous_0)","decl":{"start":{"line":1,"column":15},"end":{"line":1,"column":16}},"loc":{"start":{"line":1,"column":29},"end":{"line":7,"column":1}},"line":1}},"branchMap":{},"s":{"0":1,"1":22,"2":1},"f":{"0":22},"b":{},"_coverageSchema":"1a1c01bbd47fc00a2c39e90264f33305004495a9","hash":"a227956325ed3463499b4cd2a8122daf9b023713"}
}
